<?xml version="1.0" encoding="UTF-8"?>
<!-- Generated by org.testng.reporters.JUnitReportReporter -->
<testsuite hostname="DESKTOP-EKC84PB" failures="0" tests="1" name="com.demo.application.MouseDragAndDropImage" time="17.048" errors="0" timestamp="11 Mar 2024 02:08:03 GMT" skipped="0">
  <testcase classname="com.demo.application.MouseDragAndDropImage" name="test1" time="17.048"/>
</testsuite> <!-- com.demo.application.MouseDragAndDropImage -->
