<?xml version="1.0" encoding="UTF-8"?>
<!-- Generated by org.testng.reporters.JUnitReportReporter -->
<testsuite hostname="DESKTOP-EKC84PB" failures="0" tests="1" name="com.demo.application.MouseDragAndDrop" time="10.597" errors="0" timestamp="11 Mar 2024 02:08:03 GMT" skipped="0">
  <testcase classname="com.demo.application.MouseDragAndDrop" name="test" time="10.597"/>
</testsuite> <!-- com.demo.application.MouseDragAndDrop -->
